2024-07-24 19:22:41 [31merror[39m: Error retrieving exhibition with ID 669fdd96252883f23dc5c8ef: Schema hasn't been registered for model "artworks".
Use mongoose.model(name, schema)
2024-07-24 19:22:41 [31merror[39m: Error retrieving exhibition with ID 669fdd96252883f23dc5c8ef: Schema hasn't been registered for model "artworks".
Use mongoose.model(name, schema)
2024-07-24 20:01:19 [31merror[39m: Error updating exhibition with ID 669fdd96252883f23dc5c8ef: logger is not defined
2024-07-24 20:12:23 [31merror[39m: Error updating exhibition with ID 669fdd96252883f23dc5c8ef: The phone number must be a non-empty E.164 standard compliant identifier string.
2024-07-24 20:12:23 [31merror[39m: Error updating exhibition with ID 669fdd96252883f23dc5c8ef: The phone number must be a non-empty E.164 standard compliant identifier string.
2024-07-27 20:48:17 [31merror[39m: Error creating artwork for exhibition with ID [object Object]: artworks validation failed: exhibition: Cast to ObjectId failed for value "[object Object]" (type string) at path "exhibition" because of "BSONError", artist: Cast to ObjectId failed for value "aa" (type string) at path "artist" because of "BSONError"
2024-07-27 20:57:59 [31merror[39m: Error creating artwork for exhibition with ID [object Object]: artworks validation failed: exhibition: Cast to ObjectId failed for value "[object Object]" (type string) at path "exhibition" because of "BSONError", artist: Path `artist` is required., description: Path `description` is required., createdDateByArtist: Path `createdDateByArtist` is required., title: Path `title` is required.
2024-07-27 20:59:15 [31merror[39m: Error creating artwork for exhibition with ID 66a14449f650a73c2fd8b6a1: artworks validation failed: artist: Cast to ObjectId failed for value "aaa" (type string) at path "artist" because of "BSONError"
2024-07-27 21:21:20 [31merror[39m: Error creating artwork for exhibition with ID 66a50b3541ee98b8e81e42d7: ArtworkService is not defined
2024-07-27 21:21:32 [31merror[39m: Error creating artwork for exhibition with ID 66a50b3541ee98b8e81e42d7: ArtworkService is not defined
2024-07-28 15:40:58 [31merror[39m: Error creating exhibition: The phone number must be a non-empty E.164 standard compliant identifier string.
2024-07-28 15:41:16 [31merror[39m: Error creating exhibition: The email address is improperly formatted.
2024-07-31 16:31:40 [31merror[39m: Error updating exhibition with ID 66aa3c8eb78f39e5987fee42: The phone number must be a non-empty E.164 standard compliant identifier string.
2024-07-31 16:31:40 [31merror[39m: Error updating exhibition with ID 66aa3c8eb78f39e5987fee42: The phone number must be a non-empty E.164 standard compliant identifier string.
2024-07-31 18:27:39 [31merror[39m: Error creating artwork for exhibition with ID 66aa3d458fbbe4ed52ffea60: artworks validation failed: imageUrl: Path `imageUrl` is required.
2024-08-01 16:18:47 [31merror[39m: Error updating exhibition with ID 66aa64249f77c7c5340822c8: Cannot read properties of undefined (reading 'includes')
2024-08-01 16:18:47 [31merror[39m: Error updating exhibition with ID 66aa64249f77c7c5340822c8: Cannot read properties of undefined (reading 'includes')
2024-08-03 16:05:16 [31merror[39m: Error creating exhibition: The user with the provided phone number already exists.
2024-08-03 16:13:52 [31merror[39m: Error creating exhibition: The user with the provided phone number already exists.
2024-08-03 16:24:05 [31merror[39m: Error creating exhibition: The user with the provided phone number already exists.
2024-08-03 16:30:00 [31merror[39m: Error creating exhibition: The user with the provided phone number already exists.
2024-08-03 16:32:08 [31merror[39m: Error creating exhibition: The user with the provided phone number already exists.
2024-08-03 16:33:20 [31merror[39m: Error creating exhibition: The user with the provided phone number already exists.
2024-08-03 16:35:54 [31merror[39m: Error creating exhibition: Phone number already exist.
2024-08-03 16:37:02 [31merror[39m: Error creating exhibition: curator7@gmail.com: Phone number already exist.
2024-08-03 16:38:50 [31merror[39m: Error creating exhibition: curator7@gmail.com: Phone number already exist.
2024-08-03 16:42:55 [31merror[39m: Error updating exhibition with ID 66ae3319b2c59dceecaffebd: curator8@gmail.com: Phone number already exist.
2024-08-03 16:42:55 [31merror[39m: Error updating exhibition with ID 66ae3319b2c59dceecaffebd: curator8@gmail.com: Phone number already exist.
2024-08-03 17:04:07 [31merror[39m: Error updating exhibition with ID 66ae3319b2c59dceecaffebd: curtator8@gmail.com: Phone number already exist.
2024-08-03 17:04:07 [31merror[39m: Error updating exhibition with ID 66ae3319b2c59dceecaffebd: curtator8@gmail.com: Phone number already exist.
2024-08-03 17:06:46 [31merror[39m: Error updating exhibition with ID 66ae3319b2c59dceecaffebd: curator8@gmail.com: Phone number already exist.
2024-08-03 17:06:46 [31merror[39m: Error updating exhibition with ID 66ae3319b2c59dceecaffebd: curator8@gmail.com: Phone number already exist.
2024-08-03 17:08:59 [31merror[39m: Error updating exhibition with ID 66ae3319b2c59dceecaffebd: curator8@gmail.com: Phone number already exist.
2024-08-03 17:08:59 [31merror[39m: Error updating exhibition with ID 66ae3319b2c59dceecaffebd: curator8@gmail.com: Phone number already exist.
2024-08-03 17:10:56 [31merror[39m: Error updating exhibition with ID 66ae3319b2c59dceecaffebd: curator8@gmail.com: Phone number already exist.
2024-08-03 17:10:56 [31merror[39m: Error updating exhibition with ID 66ae3319b2c59dceecaffebd: curator8@gmail.com: Phone number already exist.
2024-08-03 17:11:20 [31merror[39m: Error updating exhibition with ID 66ae3319b2c59dceecaffebd: curator8@gmail.com: Phone number already exist.
2024-08-03 17:11:20 [31merror[39m: Error updating exhibition with ID 66ae3319b2c59dceecaffebd: curator8@gmail.com: Phone number already exist.
2024-08-03 17:11:43 [31merror[39m: Error updating exhibition with ID 66ae3319b2c59dceecaffebd: curator8@gmail.com: Phone number already exist.
2024-08-03 17:11:43 [31merror[39m: Error updating exhibition with ID 66ae3319b2c59dceecaffebd: curator8@gmail.com: Phone number already exist.
2024-08-03 17:12:33 [31merror[39m: Error updating exhibition with ID 66ae3319b2c59dceecaffebd: The phone number must be a non-empty E.164 standard compliant identifier string.
2024-08-03 17:12:33 [31merror[39m: Error updating exhibition with ID 66ae3319b2c59dceecaffebd: The phone number must be a non-empty E.164 standard compliant identifier string.
2024-08-03 17:12:47 [31merror[39m: Error updating exhibition with ID 66ae3319b2c59dceecaffebd: curators8@gmail.com: Phone number already exist.
2024-08-03 17:12:47 [31merror[39m: Error updating exhibition with ID 66ae3319b2c59dceecaffebd: curators8@gmail.com: Phone number already exist.
2024-08-03 17:12:58 [31merror[39m: Error updating exhibition with ID 66ae3319b2c59dceecaffebd: curators8@gmail.com: Phone number already exist.
2024-08-03 17:12:58 [31merror[39m: Error updating exhibition with ID 66ae3319b2c59dceecaffebd: curators8@gmail.com: Phone number already exist.
2024-08-03 17:18:10 [31merror[39m: Error updating exhibition with ID 66ae3319b2c59dceecaffebd: curator8@gmail.com: Phone number already exist.
2024-08-03 17:18:10 [31merror[39m: Error updating exhibition with ID 66ae3319b2c59dceecaffebd: curator8@gmail.com: Phone number already exist.
2024-08-03 17:19:09 [31merror[39m: Error updating exhibition with ID 66ae3319b2c59dceecaffebd: curator8@gmail.com: Phone number already exist.
2024-08-03 17:19:09 [31merror[39m: Error updating exhibition with ID 66ae3319b2c59dceecaffebd: curator8@gmail.com: Phone number already exist.
2024-08-03 17:31:01 [31merror[39m: Error updating exhibition with ID 66ae3319b2c59dceecaffebd: curator8@gmail.com: Phone number already exist.
2024-08-03 17:31:01 [31merror[39m: Error updating exhibition with ID 66ae3319b2c59dceecaffebd: curator8@gmail.com: Phone number already exist.
2024-08-03 17:31:10 [31merror[39m: Error updating exhibition with ID 66ae3319b2c59dceecaffebd: curator8@gmail.com: Phone number already exist.
2024-08-03 17:31:10 [31merror[39m: Error updating exhibition with ID 66ae3319b2c59dceecaffebd: curator8@gmail.com: Phone number already exist.
2024-08-06 15:57:12 [31merror[39m: Error creating artwork for exhibition with ID undefined: artworks validation failed: exhibition: Cast to ObjectId failed for value "undefined" (type string) at path "exhibition" because of "BSONError"
2024-08-06 15:58:45 [31merror[39m: Error creating artwork for exhibition with ID undefined: artworks validation failed: exhibition: Cast to ObjectId failed for value "undefined" (type string) at path "exhibition" because of "BSONError"
2024-08-10 20:38:21 [31merror[39m: Error creating artwork for exhibition with ID undefined: artworks validation failed: exhibition: Cast to ObjectId failed for value "undefined" (type string) at path "exhibition" because of "BSONError"
2024-08-10 20:38:47 [31merror[39m: Error creating artwork for exhibition with ID undefined: artworks validation failed: exhibition: Cast to ObjectId failed for value "undefined" (type string) at path "exhibition" because of "BSONError"
2024-08-10 20:40:27 [31merror[39m: Error creating artwork for exhibition with ID undefined: artworks validation failed: exhibition: Cast to ObjectId failed for value "undefined" (type string) at path "exhibition" because of "BSONError"
2024-08-10 20:41:00 [31merror[39m: Error creating artwork for exhibition with ID undefined: artworks validation failed: exhibition: Cast to ObjectId failed for value "undefined" (type string) at path "exhibition" because of "BSONError"
2024-08-10 20:43:01 [31merror[39m: Error creating artwork for exhibition with ID undefined: artworks validation failed: exhibition: Cast to ObjectId failed for value "undefined" (type string) at path "exhibition" because of "BSONError"
2024-09-10 10:42:00 [31merror[39m: Error creating exhibition: The email address is already in use by another account.
