2024-07-24 20:31:24 [31merror[39m: TypeError: Cannot read properties of undefined (reading '_id')
    at getMuseumExhibitions (file:///C:/Users/Shay/Desktop/MuseumApp/Backend/Controllers/ExhibitionController.js:127:85)
    at Layer.handle [as handle_request] (C:\Users\Shay\Desktop\MuseumApp\Backend\node_modules\express\lib\router\layer.js:95:5)
    at next (C:\Users\Shay\Desktop\MuseumApp\Backend\node_modules\express\lib\router\route.js:149:13)
    at file:///C:/Users/Shay/Desktop/MuseumApp/Backend/Middlewares/AuthorizeUser.js:13:7
    at Layer.handle [as handle_request] (C:\Users\Shay\Desktop\MuseumApp\Backend\node_modules\express\lib\router\layer.js:95:5)
    at next (C:\Users\Shay\Desktop\MuseumApp\Backend\node_modules\express\lib\router\route.js:149:13)
    at authenticateUser (file:///C:/Users/Shay/Desktop/MuseumApp/Backend/Middlewares/AuthenticateUser.js:31:5)
    at process.processTicksAndRejections (node:internal/process/task_queues:95:5)
2024-07-24 20:31:24 [31merror[39m: TypeError: Cannot read properties of undefined (reading '_id')
    at getMuseumExhibitions (file:///C:/Users/Shay/Desktop/MuseumApp/Backend/Controllers/ExhibitionController.js:127:85)
    at Layer.handle [as handle_request] (C:\Users\Shay\Desktop\MuseumApp\Backend\node_modules\express\lib\router\layer.js:95:5)
    at next (C:\Users\Shay\Desktop\MuseumApp\Backend\node_modules\express\lib\router\route.js:149:13)
    at file:///C:/Users/Shay/Desktop/MuseumApp/Backend/Middlewares/AuthorizeUser.js:13:7
    at Layer.handle [as handle_request] (C:\Users\Shay\Desktop\MuseumApp\Backend\node_modules\express\lib\router\layer.js:95:5)
    at next (C:\Users\Shay\Desktop\MuseumApp\Backend\node_modules\express\lib\router\route.js:149:13)
    at authenticateUser (file:///C:/Users/Shay/Desktop/MuseumApp/Backend/Middlewares/AuthenticateUser.js:31:5)
    at process.processTicksAndRejections (node:internal/process/task_queues:95:5)
2024-07-24 20:31:57 [31merror[39m: TypeError: Cannot read properties of undefined (reading '_id')
    at getMuseumExhibitions (file:///C:/Users/Shay/Desktop/MuseumApp/Backend/Controllers/ExhibitionController.js:127:85)
    at Layer.handle [as handle_request] (C:\Users\Shay\Desktop\MuseumApp\Backend\node_modules\express\lib\router\layer.js:95:5)
    at next (C:\Users\Shay\Desktop\MuseumApp\Backend\node_modules\express\lib\router\route.js:149:13)
    at file:///C:/Users/Shay/Desktop/MuseumApp/Backend/Middlewares/AuthorizeUser.js:13:7
    at Layer.handle [as handle_request] (C:\Users\Shay\Desktop\MuseumApp\Backend\node_modules\express\lib\router\layer.js:95:5)
    at next (C:\Users\Shay\Desktop\MuseumApp\Backend\node_modules\express\lib\router\route.js:149:13)
    at authenticateUser (file:///C:/Users/Shay/Desktop/MuseumApp/Backend/Middlewares/AuthenticateUser.js:31:5)
    at process.processTicksAndRejections (node:internal/process/task_queues:95:5)
2024-07-24 20:31:57 [31merror[39m: TypeError: Cannot read properties of undefined (reading '_id')
    at getMuseumExhibitions (file:///C:/Users/Shay/Desktop/MuseumApp/Backend/Controllers/ExhibitionController.js:127:85)
    at Layer.handle [as handle_request] (C:\Users\Shay\Desktop\MuseumApp\Backend\node_modules\express\lib\router\layer.js:95:5)
    at next (C:\Users\Shay\Desktop\MuseumApp\Backend\node_modules\express\lib\router\route.js:149:13)
    at file:///C:/Users/Shay/Desktop/MuseumApp/Backend/Middlewares/AuthorizeUser.js:13:7
    at Layer.handle [as handle_request] (C:\Users\Shay\Desktop\MuseumApp\Backend\node_modules\express\lib\router\layer.js:95:5)
    at next (C:\Users\Shay\Desktop\MuseumApp\Backend\node_modules\express\lib\router\route.js:149:13)
    at authenticateUser (file:///C:/Users/Shay/Desktop/MuseumApp/Backend/Middlewares/AuthenticateUser.js:31:5)
    at process.processTicksAndRejections (node:internal/process/task_queues:95:5)
2024-07-24 20:32:56 [31merror[39m: TypeError: Cannot read properties of undefined (reading '_id')
    at getMuseumExhibitions (file:///C:/Users/Shay/Desktop/MuseumApp/Backend/Controllers/ExhibitionController.js:127:85)
    at Layer.handle [as handle_request] (C:\Users\Shay\Desktop\MuseumApp\Backend\node_modules\express\lib\router\layer.js:95:5)
    at next (C:\Users\Shay\Desktop\MuseumApp\Backend\node_modules\express\lib\router\route.js:149:13)
    at file:///C:/Users/Shay/Desktop/MuseumApp/Backend/Middlewares/AuthorizeUser.js:13:7
    at Layer.handle [as handle_request] (C:\Users\Shay\Desktop\MuseumApp\Backend\node_modules\express\lib\router\layer.js:95:5)
    at next (C:\Users\Shay\Desktop\MuseumApp\Backend\node_modules\express\lib\router\route.js:149:13)
    at authenticateUser (file:///C:/Users/Shay/Desktop/MuseumApp/Backend/Middlewares/AuthenticateUser.js:31:5)
    at process.processTicksAndRejections (node:internal/process/task_queues:95:5)
2024-07-24 20:32:56 [31merror[39m: TypeError: Cannot read properties of undefined (reading '_id')
    at getMuseumExhibitions (file:///C:/Users/Shay/Desktop/MuseumApp/Backend/Controllers/ExhibitionController.js:127:85)
    at Layer.handle [as handle_request] (C:\Users\Shay\Desktop\MuseumApp\Backend\node_modules\express\lib\router\layer.js:95:5)
    at next (C:\Users\Shay\Desktop\MuseumApp\Backend\node_modules\express\lib\router\route.js:149:13)
    at file:///C:/Users/Shay/Desktop/MuseumApp/Backend/Middlewares/AuthorizeUser.js:13:7
    at Layer.handle [as handle_request] (C:\Users\Shay\Desktop\MuseumApp\Backend\node_modules\express\lib\router\layer.js:95:5)
    at next (C:\Users\Shay\Desktop\MuseumApp\Backend\node_modules\express\lib\router\route.js:149:13)
    at authenticateUser (file:///C:/Users/Shay/Desktop/MuseumApp/Backend/Middlewares/AuthenticateUser.js:31:5)
    at process.processTicksAndRejections (node:internal/process/task_queues:95:5)
2024-07-24 20:36:02 [31merror[39m: TypeError: Cannot read properties of undefined (reading '_id')
    at getMuseumExhibitions (file:///C:/Users/Shay/Desktop/MuseumApp/Backend/Controllers/ExhibitionController.js:127:85)
    at Layer.handle [as handle_request] (C:\Users\Shay\Desktop\MuseumApp\Backend\node_modules\express\lib\router\layer.js:95:5)
    at next (C:\Users\Shay\Desktop\MuseumApp\Backend\node_modules\express\lib\router\route.js:149:13)
    at file:///C:/Users/Shay/Desktop/MuseumApp/Backend/Middlewares/AuthorizeUser.js:13:7
    at Layer.handle [as handle_request] (C:\Users\Shay\Desktop\MuseumApp\Backend\node_modules\express\lib\router\layer.js:95:5)
    at next (C:\Users\Shay\Desktop\MuseumApp\Backend\node_modules\express\lib\router\route.js:149:13)
    at authenticateUser (file:///C:/Users/Shay/Desktop/MuseumApp/Backend/Middlewares/AuthenticateUser.js:31:5)
    at process.processTicksAndRejections (node:internal/process/task_queues:95:5)
2024-07-24 20:36:02 [31merror[39m: TypeError: Cannot read properties of undefined (reading '_id')
    at getMuseumExhibitions (file:///C:/Users/Shay/Desktop/MuseumApp/Backend/Controllers/ExhibitionController.js:127:85)
    at Layer.handle [as handle_request] (C:\Users\Shay\Desktop\MuseumApp\Backend\node_modules\express\lib\router\layer.js:95:5)
    at next (C:\Users\Shay\Desktop\MuseumApp\Backend\node_modules\express\lib\router\route.js:149:13)
    at file:///C:/Users/Shay/Desktop/MuseumApp/Backend/Middlewares/AuthorizeUser.js:13:7
    at Layer.handle [as handle_request] (C:\Users\Shay\Desktop\MuseumApp\Backend\node_modules\express\lib\router\layer.js:95:5)
    at next (C:\Users\Shay\Desktop\MuseumApp\Backend\node_modules\express\lib\router\route.js:149:13)
    at authenticateUser (file:///C:/Users/Shay/Desktop/MuseumApp/Backend/Middlewares/AuthenticateUser.js:31:5)
    at process.processTicksAndRejections (node:internal/process/task_queues:95:5)
2024-07-24 20:36:46 [31merror[39m: TypeError: Cannot read properties of undefined (reading '_id')
    at getMuseumExhibitions (file:///C:/Users/Shay/Desktop/MuseumApp/Backend/Controllers/ExhibitionController.js:127:85)
    at Layer.handle [as handle_request] (C:\Users\Shay\Desktop\MuseumApp\Backend\node_modules\express\lib\router\layer.js:95:5)
    at next (C:\Users\Shay\Desktop\MuseumApp\Backend\node_modules\express\lib\router\route.js:149:13)
    at file:///C:/Users/Shay/Desktop/MuseumApp/Backend/Middlewares/AuthorizeUser.js:13:7
    at Layer.handle [as handle_request] (C:\Users\Shay\Desktop\MuseumApp\Backend\node_modules\express\lib\router\layer.js:95:5)
    at next (C:\Users\Shay\Desktop\MuseumApp\Backend\node_modules\express\lib\router\route.js:149:13)
    at authenticateUser (file:///C:/Users/Shay/Desktop/MuseumApp/Backend/Middlewares/AuthenticateUser.js:31:5)
    at process.processTicksAndRejections (node:internal/process/task_queues:95:5)
2024-07-24 20:36:46 [31merror[39m: TypeError: Cannot read properties of undefined (reading '_id')
    at getMuseumExhibitions (file:///C:/Users/Shay/Desktop/MuseumApp/Backend/Controllers/ExhibitionController.js:127:85)
    at Layer.handle [as handle_request] (C:\Users\Shay\Desktop\MuseumApp\Backend\node_modules\express\lib\router\layer.js:95:5)
    at next (C:\Users\Shay\Desktop\MuseumApp\Backend\node_modules\express\lib\router\route.js:149:13)
    at file:///C:/Users/Shay/Desktop/MuseumApp/Backend/Middlewares/AuthorizeUser.js:13:7
    at Layer.handle [as handle_request] (C:\Users\Shay\Desktop\MuseumApp\Backend\node_modules\express\lib\router\layer.js:95:5)
    at next (C:\Users\Shay\Desktop\MuseumApp\Backend\node_modules\express\lib\router\route.js:149:13)
    at authenticateUser (file:///C:/Users/Shay/Desktop/MuseumApp/Backend/Middlewares/AuthenticateUser.js:31:5)
    at process.processTicksAndRejections (node:internal/process/task_queues:95:5)
2024-07-24 22:50:43 [31merror[39m: Error: listen EADDRINUSE: address already in use :::8000
    at Server.setupListenHandle [as _listen2] (node:net:1872:16)
    at listenInCluster (node:net:1920:12)
    at Server.listen (node:net:2008:7)
    at Function.listen (C:\Users\Shay\Desktop\MuseumApp\Backend\node_modules\express\lib\application.js:635:24)
    at file:///C:/Users/Shay/Desktop/MuseumApp/Backend/index.js:27:5
    at ModuleJob.run (node:internal/modules/esm/module_job:218:25)
    at async ModuleLoader.import (node:internal/modules/esm/loader:329:24)
    at async loadESM (node:internal/process/esm_loader:28:7)
    at async handleMainPromise (node:internal/modules/run_main:113:12)
2024-07-24 22:50:43 [31merror[39m: Error: listen EADDRINUSE: address already in use :::8000
    at Server.setupListenHandle [as _listen2] (node:net:1872:16)
    at listenInCluster (node:net:1920:12)
    at Server.listen (node:net:2008:7)
    at Function.listen (C:\Users\Shay\Desktop\MuseumApp\Backend\node_modules\express\lib\application.js:635:24)
    at file:///C:/Users/Shay/Desktop/MuseumApp/Backend/index.js:27:5
    at ModuleJob.run (node:internal/modules/esm/module_job:218:25)
    at async ModuleLoader.import (node:internal/modules/esm/loader:329:24)
    at async loadESM (node:internal/process/esm_loader:28:7)
    at async handleMainPromise (node:internal/modules/run_main:113:12)
2024-07-24 22:50:59 [31merror[39m: Error: listen EADDRINUSE: address already in use :::8000
    at Server.setupListenHandle [as _listen2] (node:net:1872:16)
    at listenInCluster (node:net:1920:12)
    at Server.listen (node:net:2008:7)
    at Function.listen (C:\Users\Shay\Desktop\MuseumApp\Backend\node_modules\express\lib\application.js:635:24)
    at file:///C:/Users/Shay/Desktop/MuseumApp/Backend/index.js:27:5
    at ModuleJob.run (node:internal/modules/esm/module_job:218:25)
    at async ModuleLoader.import (node:internal/modules/esm/loader:329:24)
    at async loadESM (node:internal/process/esm_loader:28:7)
    at async handleMainPromise (node:internal/modules/run_main:113:12)
2024-07-24 22:50:59 [31merror[39m: Error: listen EADDRINUSE: address already in use :::8000
    at Server.setupListenHandle [as _listen2] (node:net:1872:16)
    at listenInCluster (node:net:1920:12)
    at Server.listen (node:net:2008:7)
    at Function.listen (C:\Users\Shay\Desktop\MuseumApp\Backend\node_modules\express\lib\application.js:635:24)
    at file:///C:/Users/Shay/Desktop/MuseumApp/Backend/index.js:27:5
    at ModuleJob.run (node:internal/modules/esm/module_job:218:25)
    at async ModuleLoader.import (node:internal/modules/esm/loader:329:24)
    at async loadESM (node:internal/process/esm_loader:28:7)
    at async handleMainPromise (node:internal/modules/run_main:113:12)
2024-07-24 22:51:22 [31merror[39m: Error: listen EADDRINUSE: address already in use :::8000
    at Server.setupListenHandle [as _listen2] (node:net:1872:16)
    at listenInCluster (node:net:1920:12)
    at Server.listen (node:net:2008:7)
    at Function.listen (C:\Users\Shay\Desktop\MuseumApp\Backend\node_modules\express\lib\application.js:635:24)
    at file:///C:/Users/Shay/Desktop/MuseumApp/Backend/index.js:27:5
    at ModuleJob.run (node:internal/modules/esm/module_job:218:25)
    at async ModuleLoader.import (node:internal/modules/esm/loader:329:24)
    at async loadESM (node:internal/process/esm_loader:28:7)
    at async handleMainPromise (node:internal/modules/run_main:113:12)
2024-07-24 22:51:22 [31merror[39m: Error: listen EADDRINUSE: address already in use :::8000
    at Server.setupListenHandle [as _listen2] (node:net:1872:16)
    at listenInCluster (node:net:1920:12)
    at Server.listen (node:net:2008:7)
    at Function.listen (C:\Users\Shay\Desktop\MuseumApp\Backend\node_modules\express\lib\application.js:635:24)
    at file:///C:/Users/Shay/Desktop/MuseumApp/Backend/index.js:27:5
    at ModuleJob.run (node:internal/modules/esm/module_job:218:25)
    at async ModuleLoader.import (node:internal/modules/esm/loader:329:24)
    at async loadESM (node:internal/process/esm_loader:28:7)
    at async handleMainPromise (node:internal/modules/run_main:113:12)
2024-07-27 17:31:40 [31merror[39m: ReferenceError: exhibitions is not defined
    at file:///C:/Users/Shay/Desktop/MuseumApp/Backend/Routes/ExhibitionRouter.js:13:1
    at ModuleJob.run (node:internal/modules/esm/module_job:218:25)
    at async ModuleLoader.import (node:internal/modules/esm/loader:329:24)
    at async loadESM (node:internal/process/esm_loader:28:7)
    at async handleMainPromise (node:internal/modules/run_main:113:12)
2024-07-27 18:43:19 [31merror[39m: ReferenceError: module is not defined in ES module scope
This file is being treated as an ES module because it has a '.js' file extension and 'C:\Users\Shay\Desktop\MuseumApp\Backend\package.json' contains "type": "module". To treat it as a CommonJS script, rename it to use the '.cjs' file extension.
    at file:///C:/Users/Shay/Desktop/MuseumApp/Backend/Models/Artist.js:17:16
    at ModuleJob.run (node:internal/modules/esm/module_job:218:25)
    at async ModuleLoader.import (node:internal/modules/esm/loader:329:24)
    at async loadESM (node:internal/process/esm_loader:28:7)
    at async handleMainPromise (node:internal/modules/run_main:113:12)
2024-07-27 18:44:22 [31merror[39m: ReferenceError: artworkSchema is not defined
    at file:///C:/Users/Shay/Desktop/MuseumApp/Backend/Models/Artist.js:19:48
    at ModuleJob.run (node:internal/modules/esm/module_job:218:25)
    at async ModuleLoader.import (node:internal/modules/esm/loader:329:24)
    at async loadESM (node:internal/process/esm_loader:28:7)
    at async handleMainPromise (node:internal/modules/run_main:113:12)
2024-07-27 20:37:13 [31merror[39m: ReferenceError: createArtworkInExhibition is not defined
    at file:///C:/Users/Shay/Desktop/MuseumApp/Backend/Routes/ExhibitionRouter.js:14:47
    at ModuleJob.run (node:internal/modules/esm/module_job:218:25)
    at async ModuleLoader.import (node:internal/modules/esm/loader:329:24)
    at async loadESM (node:internal/process/esm_loader:28:7)
    at async handleMainPromise (node:internal/modules/run_main:113:12)
